<?xml version="1.0" encoding="UTF-8"?>
<!-- Generated by org.testng.reporters.JUnitReportReporter -->
<testsuite hostname="LAPTOP-93QJQT4Q" failures="0" tests="1" name="demo.Demo123" time="2.784" errors="0" timestamp="2022-09-20T06:57:17 IST" skipped="0">
  <testcase classname="demo.Demo123" name="f" time="2.784"/>
  <system-out/>
</testsuite> <!-- demo.Demo123 -->
