<?xml version="1.0" encoding="UTF-8"?>
<!-- Generated by org.testng.reporters.JUnitReportReporter -->
<testsuite hostname="LAPTOP-93QJQT4Q" failures="0" tests="1" name="demo.DemoPost" time="3.876" errors="0" timestamp="2022-09-20T07:21:57 IST" skipped="0">
  <testcase classname="demo.DemoPost" name="f" time="3.876"/>
  <system-out/>
</testsuite> <!-- demo.DemoPost -->
